<?xml version="1.0" encoding="UTF-8"?>
<!-- Generated by org.testng.reporters.JUnitReportReporter -->
<testsuite hostname="ATMECSINLT-601" failures="0" tests="5" name="com.atmecs.demo_automation.tests.Registration" time="85.550" errors="0" timestamp="2020-10-05T12:02:00 IST" skipped="0">
  <testcase classname="com.atmecs.demo_automation.tests.Registration" name="registration" time="16.770"/>
  <system-out/>
  <testcase classname="com.atmecs.demo_automation.tests.Registration" name="registration" time="18.112"/>
  <system-out/>
  <testcase classname="com.atmecs.demo_automation.tests.Registration" name="registration" time="17.326"/>
  <system-out/>
  <testcase classname="com.atmecs.demo_automation.tests.Registration" name="registration" time="15.773"/>
  <system-out/>
  <testcase classname="com.atmecs.demo_automation.tests.Registration" name="registration" time="17.569"/>
  <system-out/>
</testsuite> <!-- com.atmecs.demo_automation.tests.Registration -->
