<?xml version="1.0" encoding="UTF-8"?>
<!-- Generated by org.testng.reporters.JUnitReportReporter -->
<testsuite hostname="ATMECSINLT-601" failures="0" tests="5" name="com.atmecs.demo_automation.tests.Registration" time="81.891" errors="0" timestamp="2020-09-29T12:12:13 IST" skipped="0">
  <testcase classname="com.atmecs.demo_automation.tests.Registration" name="registration" time="16.398"/>
  <system-out/>
  <testcase classname="com.atmecs.demo_automation.tests.Registration" name="registration" time="12.947"/>
  <system-out/>
  <testcase classname="com.atmecs.demo_automation.tests.Registration" name="registration" time="18.764"/>
  <system-out/>
  <testcase classname="com.atmecs.demo_automation.tests.Registration" name="registration" time="16.360"/>
  <system-out/>
  <testcase classname="com.atmecs.demo_automation.tests.Registration" name="registration" time="17.422"/>
  <system-out/>
</testsuite> <!-- com.atmecs.demo_automation.tests.Registration -->
