<?xml version="1.0" encoding="UTF-8"?>
<!-- Generated by org.testng.reporters.JUnitReportReporter -->
<testsuite hostname="ATMECSINLT-601" failures="0" tests="1" name="com.atmecs.demo_automation.tests.HandlingIconWindows" time="25.868" errors="0" timestamp="2020-10-05T12:02:00 IST" skipped="0">
  <testcase classname="com.atmecs.demo_automation.tests.HandlingIconWindows" name="handlingIconWindows" time="25.868"/>
  <system-out/>
</testsuite> <!-- com.atmecs.demo_automation.tests.HandlingIconWindows -->
