<?xml version="1.0" encoding="UTF-8"?>
<!-- Generated by org.testng.reporters.JUnitReportReporter -->
<testsuite hostname="ATMECSINLT-601" failures="0" tests="5" name="com.atmecs.demo_automation.tests.Registration" time="73.829" errors="0" timestamp="2020-09-30T18:19:22 IST" skipped="0">
  <testcase classname="com.atmecs.demo_automation.tests.Registration" name="registration" time="13.090"/>
  <system-out/>
  <testcase classname="com.atmecs.demo_automation.tests.Registration" name="registration" time="17.525"/>
  <system-out/>
  <testcase classname="com.atmecs.demo_automation.tests.Registration" name="registration" time="12.993"/>
  <system-out/>
  <testcase classname="com.atmecs.demo_automation.tests.Registration" name="registration" time="14.371"/>
  <system-out/>
  <testcase classname="com.atmecs.demo_automation.tests.Registration" name="registration" time="15.850"/>
  <system-out/>
</testsuite> <!-- com.atmecs.demo_automation.tests.Registration -->
