<?xml version="1.0" encoding="UTF-8"?>
<!-- Generated by org.testng.reporters.JUnitReportReporter -->
<testsuite hostname="ATMECSINLT-601" failures="0" tests="5" name="com.atmecs.demo_automation.tests.Registration" time="94.129" errors="0" timestamp="2020-10-01T14:42:28 IST" skipped="0">
  <testcase classname="com.atmecs.demo_automation.tests.Registration" name="registration" time="18.895"/>
  <system-out/>
  <testcase classname="com.atmecs.demo_automation.tests.Registration" name="registration" time="18.453"/>
  <system-out/>
  <testcase classname="com.atmecs.demo_automation.tests.Registration" name="registration" time="17.946"/>
  <system-out/>
  <testcase classname="com.atmecs.demo_automation.tests.Registration" name="registration" time="17.344"/>
  <system-out/>
  <testcase classname="com.atmecs.demo_automation.tests.Registration" name="registration" time="21.491"/>
  <system-out/>
</testsuite> <!-- com.atmecs.demo_automation.tests.Registration -->
