<?xml version="1.0" encoding="UTF-8"?>
<!-- Generated by org.testng.reporters.JUnitReportReporter -->
<testsuite hostname="ATMECSINLT-601" failures="0" tests="2" name="com.atmecs.demo_automation.tests.HandlingIconWindows" time="42.250" errors="0" timestamp="2020-10-08T12:08:42 IST" skipped="0">
  <testcase classname="com.atmecs.demo_automation.tests.HandlingIconWindows" name="handlingIconWindows" time="27.904"/>
  <system-out/>
  <testcase classname="com.atmecs.demo_automation.tests.HandlingIconWindows" name="handlingIconWindows" time="14.346"/>
  <system-out/>
</testsuite> <!-- com.atmecs.demo_automation.tests.HandlingIconWindows -->
