<?xml version="1.0" encoding="UTF-8"?>
<!-- Generated by org.testng.reporters.JUnitReportReporter -->
<testsuite hostname="ATMECSINLT-601" failures="0" tests="2" name="com.atmecs.demo_automation.tests.HandlingIconWindows" time="90.434" errors="0" timestamp="2020-10-07T11:01:29 IST" skipped="0">
  <testcase classname="com.atmecs.demo_automation.tests.HandlingIconWindows" name="handlingIconWindows" time="43.729"/>
  <system-out/>
  <testcase classname="com.atmecs.demo_automation.tests.HandlingIconWindows" name="handlingIconWindows" time="46.705"/>
  <system-out/>
</testsuite> <!-- com.atmecs.demo_automation.tests.HandlingIconWindows -->
