<?xml version="1.0" encoding="UTF-8"?>
<!-- Generated by org.testng.reporters.JUnitReportReporter -->
<testsuite hostname="ATMECSINLT-601" failures="0" tests="5" name="com.atmecs.demo_automation.tests.Registration" time="92.030" errors="0" timestamp="2020-10-06T12:00:10 IST" skipped="0">
  <testcase classname="com.atmecs.demo_automation.tests.Registration" name="registration" time="20.347"/>
  <system-out/>
  <testcase classname="com.atmecs.demo_automation.tests.Registration" name="registration" time="16.756"/>
  <system-out/>
  <testcase classname="com.atmecs.demo_automation.tests.Registration" name="registration" time="19.643"/>
  <system-out/>
  <testcase classname="com.atmecs.demo_automation.tests.Registration" name="registration" time="18.485"/>
  <system-out/>
  <testcase classname="com.atmecs.demo_automation.tests.Registration" name="registration" time="16.799"/>
  <system-out/>
</testsuite> <!-- com.atmecs.demo_automation.tests.Registration -->
